<?xml version="1.0" encoding="UTF-8"?>
<!-- Generated by org.testng.reporters.JUnitReportReporter -->
<testsuite skipped="0" hostname="DESKTOP-NJE8PCK" name="frontEndTesting.WithdrawFundTest" tests="4" failures="0" timestamp="2022-10-18T10:03:54 IST" time="8.030" errors="0">
  <testcase name="withdrawingAmountGreaterThanCurrentAmounForPrimaryAccount" time="1.475" classname="frontEndTesting.WithdrawFundTest"/>
  <system-out/>
  <testcase name="withdrawingAmountGreaterThanCurrentAmounForSavingsAccount" time="2.674" classname="frontEndTesting.WithdrawFundTest"/>
  <system-out/>
  <testcase name="withdrawFundInPrimaryAccount" time="2.133" classname="frontEndTesting.WithdrawFundTest"/>
  <system-out/>
  <testcase name="withdrawFundInSavingAccount" time="1.748" classname="frontEndTesting.WithdrawFundTest"/>
  <system-out/>
</testsuite> <!-- frontEndTesting.WithdrawFundTest -->
