<?xml version="1.0" encoding="UTF-8"?>
<!-- Generated by org.testng.reporters.JUnitReportReporter -->
<testsuite hostname="Prems-MacBook-Pro.local" failures="0" tests="1" name="frontEndTesting.RegistrationTest" time="10.996" errors="0" timestamp="2022-10-18T21:29:52 IST" skipped="0">
  <testcase classname="frontEndTesting.RegistrationTest" name="registerUser" time="10.996"/>
  <system-out/>
</testsuite> <!-- frontEndTesting.RegistrationTest -->
