<?xml version="1.0" encoding="UTF-8"?>
<!-- Generated by org.testng.reporters.JUnitReportReporter -->
<testsuite hostname="Prems-MacBook-Pro.local" failures="0" tests="1" name="frontEndTesting.RequestChequeBookTest" time="9.171" errors="0" timestamp="2022-10-18T21:47:26 IST" skipped="0">
  <testcase classname="frontEndTesting.RequestChequeBookTest" name="requestChequeBook" time="9.171"/>
  <system-out/>
</testsuite> <!-- frontEndTesting.RequestChequeBookTest -->
