<?xml version="1.0" encoding="UTF-8"?>
<!-- Generated by org.testng.reporters.JUnitReportReporter -->
<testsuite skipped="0" hostname="DESKTOP-NJE8PCK" name="frontEndTesting.ViewPrimaryAccountTest" tests="1" failures="0" timestamp="2022-10-18T09:56:01 IST" time="1.110" errors="0">
  <testcase name="requestChequeBook" time="1.110" classname="frontEndTesting.ViewPrimaryAccountTest"/>
  <system-out/>
</testsuite> <!-- frontEndTesting.ViewPrimaryAccountTest -->
