<?xml version="1.0" encoding="UTF-8"?>
<!-- Generated by org.testng.reporters.JUnitReportReporter -->
<testsuite skipped="0" hostname="DESKTOP-NJE8PCK" name="frontEndTesting.DepositFundTest" tests="2" failures="0" timestamp="2022-10-18T10:05:48 IST" time="4.051" errors="0">
  <testcase name="depositFundInPrimaryAccount" time="2.318" classname="frontEndTesting.DepositFundTest"/>
  <system-out/>
  <testcase name="depositFundInSavingAccount" time="1.733" classname="frontEndTesting.DepositFundTest"/>
  <system-out/>
</testsuite> <!-- frontEndTesting.DepositFundTest -->
