<?xml version="1.0" encoding="UTF-8"?>
<!-- Generated by org.testng.reporters.JUnitReportReporter -->
<testsuite hostname="Prems-MacBook-Pro.local" failures="0" tests="1" name="frontEndTesting.LoginTest" time="6.416" errors="0" timestamp="2022-10-18T21:21:10 IST" skipped="0">
  <testcase classname="frontEndTesting.LoginTest" name="loginUser" time="6.416"/>
  <system-out/>
</testsuite> <!-- frontEndTesting.LoginTest -->
