<?xml version="1.0" encoding="UTF-8"?>
<!-- Generated by org.testng.reporters.JUnitReportReporter -->
<testsuite skipped="0" hostname="DESKTOP-NJE8PCK" name="frontEndTesting.ViewSecondaryAccountTest" tests="1" failures="0" timestamp="2022-10-18T10:00:02 IST" time="0.882" errors="0">
  <testcase name="requestChequeBook" time="0.882" classname="frontEndTesting.ViewSecondaryAccountTest"/>
  <system-out/>
</testsuite> <!-- frontEndTesting.ViewSecondaryAccountTest -->
