<?xml version="1.0" encoding="UTF-8"?>
<!-- Generated by org.testng.reporters.JUnitReportReporter -->
<testsuite skipped="0" hostname="DESKTOP-NJE8PCK" name="frontEndTesting.TransferFundTest" tests="3" failures="0" timestamp="2022-10-18T10:27:08 IST" time="10.847" errors="0">
  <testcase name="transferFundWithIncorrectAccountNumber" time="3.194" classname="frontEndTesting.TransferFundTest"/>
  <system-out/>
  <testcase name="transferFundGreaterThanBalance" time="3.433" classname="frontEndTesting.TransferFundTest"/>
  <system-out/>
  <testcase name="transferFund" time="4.220" classname="frontEndTesting.TransferFundTest"/>
  <system-out/>
</testsuite> <!-- frontEndTesting.TransferFundTest -->
